<?xml version="1.0" encoding="UTF-8"?>
<testsuite xmlns:xsi="http://www.w3.org/2001/XMLSchema-instance" xsi:noNamespaceSchemaLocation="https://maven.apache.org/surefire/maven-surefire-plugin/xsd/surefire-test-report.xsd" version="3.0.2" name="integra.WsIntegraApplicationTests" time="19.975" tests="1" errors="0" skipped="0" failures="0">
  <properties>
[...]
</properties>
  <testcase name="contextLoads" classname="integra.WsIntegraApplicationTests" time="1.023">
    <system-out><![CDATA[01:36:28.645 [main] INFO org.springframework.test.context.support.AnnotationConfigContextLoaderUtils -- Could not detect default configuration classes for test class [integra.WsIntegraApplicationTests]: WsIntegraApplicationTests does not declare any static, non-private, non-final, nested classes annotated with @Configuration.
01:36:28.997 [main] INFO org.springframework.boot.test.context.SpringBootTestContextBootstrapper -- Found @SpringBootConfiguration integra.WsIntegraApplication for test class integra.WsIntegraApplicationTests
01:36:29.330 [main] INFO org.springframework.boot.devtools.restart.RestartApplicationListener -- Restart disabled due to context in which it is running
=====================================================
🚀 APP/WEB SERVICE: Integra v1.0.1-Beta
-----------------------------------------------------
⚙️ TECNOLOGÍA: Spring Boot v4.0.0
💬 DESCRIPCIÓN: Servidor de aplicación backend, diseñado sin marca especifica de despliegue, por lo que los derechos de integración quedan sujetas al desarrollador
-----------------------------------------------------
💻 DESARROLLADOR: Pablo Reyes
© DERECHOS: © 2025 Pablo Reyes Lorenzo. Todos los derechos reservados.
=====================================================
2025-11-27 01:36:29 - INFO  - integra.WsIntegraApplicationTests - Starting WsIntegraApplicationTests using Java 25 with PID 7500 (started by exon in D:\migracion\ws-integra)
2025-11-27 01:36:30 - INFO  - integra.WsIntegraApplicationTests - The following 1 profile is active: "dev"
2025-11-27 01:36:31 - INFO  - o.s.c.i.s.PropertySourceProcessor - Properties location [file:./integra-config/business.properties] not resolvable: integra-config\business.properties (El sistema no puede encontrar la ruta especificada)
2025-11-27 01:36:33 - INFO  - o.s.d.r.c.RepositoryConfigurationDelegate - Bootstrapping Spring Data JPA repositories in DEFAULT mode.
2025-11-27 01:36:33 - INFO  - o.s.d.r.c.RepositoryConfigurationDelegate - Finished Spring Data repository scanning in 314 ms. Found 21 JPA repository interfaces.
2025-11-27 01:36:35 - INFO  - o.h.jpa.internal.util.LogHelper - HHH000204: Processing PersistenceUnitInfo [name: default]
2025-11-27 01:36:36 - INFO  - org.hibernate.Version - HHH000412: Hibernate ORM core version 7.1.8.Final
2025-11-27 01:36:36 - INFO  - o.s.o.j.p.SpringPersistenceUnitInfo - No LoadTimeWeaver setup: ignoring JPA class transformer
2025-11-27 01:36:36 - INFO  - com.zaxxer.hikari.HikariDataSource - HikariPool-1 - Starting...
2025-11-27 01:36:37 - INFO  - com.zaxxer.hikari.pool.HikariPool - HikariPool-1 - Added connection org.mariadb.jdbc.Connection@1f8ac459
2025-11-27 01:36:37 - INFO  - com.zaxxer.hikari.HikariDataSource - HikariPool-1 - Start completed.
2025-11-27 01:36:37 - INFO  - o.hibernate.orm.connections.pooling - HHH10001005: Database info:
	Database JDBC URL [jdbc:mariadb://localhost/integra?user=root&password=***&useSSL=false]
	Database driver: MariaDB Connector/J
	Database dialect: MariaDBDialect
	Database version: 11.8.3
	Default catalog/schema: integra/undefined
	Autocommit mode: undefined/unknown
	Isolation level: REPEATABLE_READ [default REPEATABLE_READ]
	JDBC fetch size: none
	Pool: DatasourceConnectionProviderImpl
	Minimum pool size: undefined/unknown
	Maximum pool size: undefined/unknown
2025-11-27 01:36:39 - INFO  - o.h.e.t.j.p.i.JtaPlatformInitiator - HHH000489: No JTA platform available (set 'hibernate.transaction.jta.platform' to enable JTA platform integration)
2025-11-27 01:36:39 - INFO  - o.s.o.j.LocalContainerEntityManagerFactoryBean - Initialized JPA EntityManagerFactory for persistence unit 'default'
2025-11-27 01:36:39 - INFO  - i.a.service.WorkTimeImageService - ========================================
📂 INICIALIZANDO DIRECTORIO DE IMÁGENES RELOJ CHECADOR
========================================
📁 Directorio: D:\migracion\ws-integra\img
Directorio existe: true
Se puede escribir: true
========================================
2025-11-27 01:36:40 - INFO  - o.s.d.j.r.q.QueryEnhancerFactories - Hibernate is in classpath; If applicable, HQL parser will be used.
2025-11-27 01:36:42 - INFO  - integra.config.cache.CacheConfig - Cache 'unidadInfo' initialized with spec: CacheProperties.CacheSpec(expireAfterWrite=PT5M, expireAfterAccess=null, refreshAfterWrite=null, maximumSize=1000, initialCapacity=50, recordStats=true, weakKeys=null, weakValues=null, softValues=null)
2025-11-27 01:36:42 - INFO  - integra.config.cache.CacheConfig - Cache 'unidadesActivas' initialized with spec: CacheProperties.CacheSpec(expireAfterWrite=PT2M, expireAfterAccess=null, refreshAfterWrite=null, maximumSize=5000, initialCapacity=100, recordStats=true, weakKeys=null, weakValues=null, softValues=null)
2025-11-27 01:36:42 - INFO  - integra.config.cache.CacheConfig - Cache 'unidadContacto' initialized with spec: CacheProperties.CacheSpec(expireAfterWrite=PT3M, expireAfterAccess=PT1M, refreshAfterWrite=null, maximumSize=2000, initialCapacity=50, recordStats=true, weakKeys=null, weakValues=null, softValues=null)
2025-11-27 01:36:42 - INFO  - integra.config.cache.CacheConfig - Cache 'rolesPermisos' initialized with spec: CacheProperties.CacheSpec(expireAfterWrite=PT720H, expireAfterAccess=null, refreshAfterWrite=null, maximumSize=100, initialCapacity=30, recordStats=true, weakKeys=null, weakValues=null, softValues=null)
2025-11-27 01:36:43 - INFO  - o.s.s.c.a.a.c.InitializeAuthenticationProviderBeanManagerConfigurer$InitializeAuthenticationProviderManagerConfigurer - Global AuthenticationManager configured with AuthenticationProvider bean with name authenticationProvider
2025-11-27 01:36:43 - WARN  - o.s.s.c.a.a.c.InitializeUserDetailsBeanManagerConfigurer$InitializeUserDetailsManagerConfigurer - Global AuthenticationManager configured with an AuthenticationProvider bean. UserDetailsService beans will not be used by Spring Security for automatically configuring username/password login. Consider removing the AuthenticationProvider bean. Alternatively, consider using the UserDetailsService in a manually instantiated DaoAuthenticationProvider. If the current configuration is intentional, to turn off this warning, increase the logging level of 'org.springframework.security.config.annotation.authentication.configuration.InitializeUserDetailsBeanManagerConfigurer' to ERROR
2025-11-27 01:36:46 - INFO  - o.s.b.a.e.web.EndpointLinksResolver - Exposing 3 endpoints beneath base path '/actuator'
Hibernate: select pae1_0.id,pae1_0.nombre,pae1_0.valor from parametros_app pae1_0
----------------------------------------------------
🚨 DIAGNÓSTICO: CLAVES DEL MAPA DE LA DB ANTES DE INYECCIÓN:
 -> CLAVE: app.config.idPuestoSupervisor | VALOR: 4
 -> CLAVE: app.config.horaInicioNocturno | VALOR: 08:00
 -> CLAVE: app.config.defaultRolUsuarioNuevo | VALOR: Vendedor
 -> CLAVE: app.config.idUsuarioAdmin | VALOR: 1
 -> CLAVE: app.config.idPuestoNocturno | VALOR: 2
----------------------------------------------------
✅ Configuración de la DB cargada correctamente en Spring Environment.
2025-11-27 01:36:46 - INFO  - integra.WsIntegraApplicationTests - Started WsIntegraApplicationTests in 17.125 seconds (process running for 19.786)
2025-11-27 01:36:46 - INFO  - i.config.file.PropertiesInitializer - ⬇️ Inicializando archivo business.properties
2025-11-27 01:36:46 - INFO  - i.config.file.PropertiesInitializer - ⚠️ Archivo business.properties no encontrado. Creando con configuración predeterminada
2025-11-27 01:36:46 - INFO  - i.config.file.PropertiesInitializer - Archivo business.properties creado con config. predeterminada creado con éxito
2025-11-27 01:36:46 - INFO  - i.config.cache.CacheWarmupService - Iniciando proceso de precalentamiento de cachés...
2025-11-27 01:36:46 - INFO  - i.config.cache.CacheWarmupService - Precargando caché de información básica de unidades...
Hibernate: select ue1_0.id,ue1_0.clave,ue1_0.nombre,ue1_0.activo,z1_0.nombre,s1_0.nombre_completo from unidad ue1_0 left join zona z1_0 on z1_0.id=ue1_0.zona_id left join empleado s1_0 on s1_0.id=ue1_0.supervisor_id
2025-11-27 01:36:46 - INFO  - i.config.cache.CacheWarmupService - Precargando caché de unidades activas...
Hibernate: select ue1_0.id,ue1_0.nombre_completo from unidad ue1_0
2025-11-27 01:36:47 - INFO  - i.config.cache.CacheWarmupService - Precargando caché de roles y permisos...
Hibernate: select r1_0.id,r1_0.created_at,r1_0.description,r1_0.is_active,r1_0.is_default,r1_0.name,p1_0.role_id,p1_1.id,p1_1.name,r1_0.version from roles r1_0 left join role_permissions p1_0 on r1_0.id=p1_0.role_id left join permissions p1_1 on p1_1.id=p1_0.permission_id
2025-11-27 01:36:47 - INFO  - i.config.cache.CacheWarmupService - Precargando caché de versión de tokens
Hibernate: select tv1_0.id,tv1_0.username,tv1_0.version from token_version tv1_0
Hibernate: select tv1_0.id,tv1_0.username,tv1_0.version from token_version tv1_0 where tv1_0.username=?
Hibernate: select tv1_0.id,tv1_0.username,tv1_0.version from token_version tv1_0 where tv1_0.username=?
Hibernate: select tv1_0.id,tv1_0.username,tv1_0.version from token_version tv1_0 where tv1_0.username=?
2025-11-27 01:36:47 - INFO  - i.config.cache.CacheWarmupService - El precalentamiento de cachés se completó exitosamente
]]></system-out>
    <system-err><![CDATA[Mockito is currently self-attaching to enable the inline-mock-maker. This will no longer work in future releases of the JDK. Please add Mockito as an agent to your build as described in Mockito's documentation: https://javadoc.io/doc/org.mockito/mockito-core/latest/org.mockito/org/mockito/Mockito.html#0.3
WARNING: A Java agent has been loaded dynamically (C:\Users\exon\.m2\repository\net\bytebuddy\byte-buddy-agent\1.17.8\byte-buddy-agent-1.17.8.jar)
WARNING: If a serviceability tool is in use, please run with -XX:+EnableDynamicAgentLoading to hide this warning
WARNING: If a serviceability tool is not in use, please run with -Djdk.instrument.traceUsage for more information
WARNING: Dynamic loading of agents will be disallowed by default in a future release
]]></system-err>
  </testcase>
</testsuite>